<?xml version="1.0" encoding="UTF-8"?>
<!-- Generated by org.testng.reporters.JUnitReportReporter -->
<testsuite skipped="0" hostname="DESKTOP-6O5G8IO" name="Browseroperation.NewTest" tests="10" failures="0" timestamp="2022-05-03T10:25:40 IST" time="0.072" errors="0">
  <testcase name="smokeTC1" time="0.000" classname="Browseroperation.NewTest"/>
  <system-out/>
  <testcase name="smokeTC1" time="0.008" classname="Browseroperation.NewTest"/>
  <system-out/>
  <testcase name="smokeTC1" time="0.016" classname="Browseroperation.NewTest"/>
  <system-out/>
  <testcase name="smokeTC1" time="0.008" classname="Browseroperation.NewTest"/>
  <system-out/>
  <testcase name="smokeTC1" time="0.008" classname="Browseroperation.NewTest"/>
  <system-out/>
  <testcase name="smokeTC1" time="0.008" classname="Browseroperation.NewTest"/>
  <system-out/>
  <testcase name="smokeTC1" time="0.008" classname="Browseroperation.NewTest"/>
  <system-out/>
  <testcase name="smokeTC1" time="0.000" classname="Browseroperation.NewTest"/>
  <system-out/>
  <testcase name="smokeTC1" time="0.008" classname="Browseroperation.NewTest"/>
  <system-out/>
  <testcase name="smokeTC1" time="0.008" classname="Browseroperation.NewTest"/>
  <system-out/>
</testsuite> <!-- Browseroperation.NewTest -->
