<?xml version="1.0" encoding="UTF-8"?>
<!-- Generated by org.testng.reporters.JUnitReportReporter -->
<testsuite skipped="0" hostname="DESKTOP-6O5G8IO" name="Browseroperation.NewTest1" tests="3" failures="0" timestamp="2022-05-03T10:46:27 IST" time="0.023" errors="0">
  <testcase name="login" time="0.023" classname="Browseroperation.NewTest1"/>
  <system-out/>
  <testcase name="sendemail" time="0.000" classname="Browseroperation.NewTest1"/>
  <system-out/>
  <testcase name="logout" time="0.000" classname="Browseroperation.NewTest1"/>
  <system-out/>
</testsuite> <!-- Browseroperation.NewTest1 -->
